Starting delete quotes from date:Tue Aug 24 15:50:00 UTC+0530 2021

0. 20MICRONS=OK
1. 21STCENMGM=OK
2. 3IINFOTECH=OK
3. 3MINDIA=OK
4. 3PLAND=OK
5. 5PAISA=OK
6. 63MOONS=OK
7. A2ZINFRA=OK
8. AAKASH=OK
9. AARON=OK
10. AARTIDRUGS=OK
11. AARTIIND=OK
12. AARTISURF=OK
13. AARVEEDEN=OK
14. AARVI=OK
15. AAVAS=OK
16. ABAN=OK
17. ABB=OK
18. ABBOTINDIA=OK
19. ABCAPITAL=OK
20. ABFRL=OK
21. ABFRLPP1.E1=OK
22. ABMINTLTD=OK
23. ABSLBANETF=OK
24. ABSLNN50ET=OK
25. ACC=OK
26. ACCELYA=OK
27. ACCURACY=OK
28. ACE=OK
29. ACRYSIL=OK
30. ADANIENT=OK
31. ADANIGAS=OK
32. ADANIGREEN=OK
33. ADANIPORTS=OK
34. ADANIPOWER=OK
35. ADANITRANS=OK
36. ADFFOODS=OK
37. ADL=OK
38. ADORWELD=OK
39. ADROITINFO=OK
40. ADSL=OK
41. ADVANIHOTR=OK
42. ADVENZYMES=OK
43. AEGISCHEM=OK
44. AFFLE=OK
45. AGARIND=OK
46. AGCNET=OK
47. AGRITECH=OK
48. AGROPHOS=OK
49. AHLADA=OK
50. AHLEAST=OK
51. AHLUCONT=OK
52. AHLWEST=OK
53. AIAENG=OK
54. AIRAN=OK
55. AJANTPHARM=OK
56. AJMERA=OK
57. AJOONI=OK
58. AKASH=OK
59. AKG=OK
60. AKSHARCHEM=OK
61. AKSHOPTFBR=OK
62. AKZOINDIA=OK
63. ALANKIT=OK
64. ALBERTDAVD=OK
65. ALCHEM=OK
66. ALEMBICLTD=OK
67. ALICON=OK
68. ALKALI=OK
69. ALKEM=OK
70. ALKYLAMINE=OK
71. ALLCARGO=OK
72. ALLSEC=OK
73. ALMONDZ=OK
74. ALOKINDS=OK
75. ALPA=OK
76. ALPHAGEO=OK
77. ALPSINDUS=OK
78. AMARAJABAT=OK
79. AMBER=OK
80. AMBICAAGAR=OK
81. AMBIKCO=OK
82. AMBUJACEM=OK
83. AMDIND=OK
84. AMJLAND=OK
85. AMRUTANJAN=OK
86. ANANTRAJ=OK
87. ANDHRACEMT=OK
88. ANDHRAPAP=OK
89. ANDHRSUGAR=OK
90. ANGELBRKG=OK
91. ANIKINDS=OK
92. ANKITMETAL=OK
93. ANMOL=OK
94. ANSALAPI=OK
95. ANSALHSG=OK
96. ANTGRAPHIC=OK
97. ANUP=OK
98. ANURAS=OK
99. APARINDS=OK
100. APCL=OK
101. APCOTEXIND=OK
102. APEX=OK
103. APLAPOLLO=OK
104. APLLTD=OK
105. APOLLO=OK
106. APOLLOHOSP=OK
107. APOLLOPIPE=OK
108. APOLLOTYRE=OK
109. APOLSINHOT=OK
110. APTECHT=OK
111. ARCHIDPLY=OK
112. ARCHIES=OK
113. ARCOTECH=OK
114. ARENTERP=OK
115. ARIES=OK
116. ARIHANT=OK
117. ARIHANTCAP=OK
118. ARIHANTSUP=OK
119. ARMANFIN=OK
120. AROGRANITE=OK
121. ARROWGREEN=OK
122. ARSHIYA=OK
123. ARSSINFRA=OK
124. ARTEMISMED=OK
125. ARVEE=OK
126. ARVIND=OK
127. ARVINDFASN=OK
128. ARVSMART=OK
129. ASAHIINDIA=OK
130. ASAHISONG=OK
131. ASAL=OK
132. ASALCBR=OK
133. ASHAPURMIN=OK
134. ASHIANA=OK
135. ASHIMASYN=OK
136. ASHOKA=OK
137. ASHOKLEY=OK
138. ASIANHOTNR=OK
139. ASIANPAINT=OK
140. ASIANTILES=OK
141. ASPINWALL=OK
142. ASTEC=OK
143. ASTERDM=OK
144. ASTRAL=OK
145. ASTRAMICRO=OK
146. ASTRAZEN=OK
147. ASTRON=OK
148. ATFL=OK
149. ATGL=OK
150. ATLANTA=OK
151. ATUL=OK
152. ATULAUTO=OK
153. AUBANK=OK
154. AURIONPRO=OK
155. AUROPHARMA=OK
156. AUSOMENT=OK
157. AUTOAXLES=OK
158. AUTOIND=OK
159. AUTOLITIND=OK
160. AVADHSUGAR=OK
161. AVANTIFEED=OK
162. AVTNPL=OK
163. AWHCL=OK
164. AXISBANK=OK
165. AXISBNKETF=OK
166. AXISBPSETF=OK
167. AXISCADES=OK
168. AXISGOLD=OK
169. AXISHCETF=OK
170. AXISNIFTY=OK
171. AXISTECETF=OK
172. AYMSYNTEX=OK
173. BAFNAPH=OK
174. BAGFILMS=OK
175. BAJAJ-AUTO=OK
176. BAJAJ_AUTO=OK
177. BAJAJCON=OK
178. BAJAJELEC=OK
179. BAJAJFINSV=OK
180. BAJAJHIND=OK
181. BAJAJHLDNG=OK
182. BAJFINANCE=OK
183. BALAJITELE=OK
184. BALAMINES=OK
185. BALAXI=OK
186. BALKRISHNA=OK
187. BALKRISIND=OK
188. BALLARPUR=OK
189. BALMLAWRIE=OK
190. BALPHARMA=OK
191. BALRAMCHIN=OK
192. BANARBEADS=OK
193. BANARISUG=OK
194. BANCOINDIA=OK
195. BANDHANBNK=OK
196. BANG=OK
197. BANKA=OK
198. BANKBARODA=OK
199. BANKBEES=OK
200. BANKINDIA=OK
201. BANKNIFTY1!=OK
202. BANSWRAS=OK
203. BARBEQUE=OK
204. BARTRONICS=OK
205. BASF=OK
206. BASML=OK
207. BATAINDIA=OK
208. BAYERCROP=OK
209. BBL=OK
210. BBTC=OK
211. BCG=OK
212. BCLIND=OK
213. BCP=OK
214. BDL=OK
215. BEARDSELL=OK
216. BECTORFOOD=OK
217. BEDMUTHA=OK
218. BEL=OK
219. BEML=OK
220. BEPL=OK
221. BERGEPAINT=OK
222. BESTAGRO=OK
223. BFINVEST=OK
224. BFUTILITIE=OK
225. BGRENERGY=OK
226. BHAGERIA=OK
227. BHAGYANGR=OK
228. BHAGYAPROP=OK
229. BHANDARI=OK
230. BHARATFORG=OK
231. BHARATGEAR=OK
232. BHARATRAS=OK
233. BHARATWIRE=OK
234. BHARTIARTL=OK
235. BHEL=OK
236. BIGBLOC=OK
237. BIL=OK
238. BILENERGY=OK
239. BINDALAGRO=OK
240. BIOCON=OK
241. BIOFILCHEM=OK
242. BIRLACABLE=OK
243. BIRLACORPN=OK
244. BIRLAMONEY=OK
245. BIRLATYRE=OK
246. BKMINDST=OK
247. BLBLIMITED=OK
248. BLISSGVS=OK
249. BLKASHYAP=OK
250. BLS=OK
251. BLUECHIP=OK
252. BLUECOAST=OK
253. BLUEDART=OK
254. BLUESTARCO=OK
255. BODALCHEM=OK
256. BOMDYEING=OK
257. BOROLTD=OK
258. BORORENEW=OK
259. BOSCHLTD=OK
260. BPCL=OK
261. BPL=OK
262. BRFL=OK
263. BRIGADE=OK
264. BRITANNIA=OK
265. BRNL=OK
266. BROOKS=OK
267. BSE=OK
268. BSELINFRA=OK
269. BSHSL=OK
270. BSL=OK
271. BSLGOLDETF=OK
272. BSLNIFTY=OK
273. BSOFT=OK
274. BURGERKING=OK
275. BURNPUR=OK
276. BUTTERFLY=OK
277. BVCL=OK
278. BYKE=OK
279. CADILAHC=OK
280. CALSOFT=OK
281. CAMLINFINE=OK
282. CAMS=OK
283. CANBK=OK
284. CANDC=OK
285. CANFINHOME=OK
286. CANTABIL=OK
287. CAPACITE=OK
288. CAPLIPOINT=OK
289. CAPTRUST=OK
290. CARBORUNIV=OK
291. CAREERP=OK
292. CARERATING=OK
293. CASTEXTECH=OK
294. CASTROLIND=OK
295. CCCL=OK
296. CCHHL=OK
297. CCL=OK
298. CDSL=OK
299. CEATLTD=OK
300. CEBBCO=OK
301. CELEBRITY=OK
302. CENTENKA=OK
303. CENTEXT=OK
304. CENTRALBK=OK
305. CENTRUM=OK
306. CENTUM=OK
307. CENTURYPLY=OK
308. CENTURYTEX=OK
309. CERA=OK
310. CEREBRAINT=OK
311. CESC=OK
312. CESCVENT=OK
313. CGCL=OK
314. CGPOWER=OK
315. CHALET=OK
316. CHAMBLFERT=OK
317. CHEMBOND=OK
318. CHEMCON=OK
319. CHEMFAB=OK
320. CHENNPETRO=OK
321. CHOLAFIN=OK
322. CHOLAHLDNG=OK
323. CHROMATIC=OK
324. CIGNITITEC=OK
325. CIMMCO=OK
326. CINELINE=OK
327. CINEVISTA=OK
328. CIPLA=OK
329. CKFSL=OK
330. CLEAN=OK
331. CLEDUCATE=OK
332. CLNINDIA=OK
333. CLSEL=OK
334. CMICABLES=OK
335. CNOVAPETRO=OK
336. COALINDIA=OK
337. COCHINSHIP=OK
338. COFFEEDAY=OK
339. COFORGE=OK
340. COLPAL=OK
341. COMPINFO=OK
342. COMPUSOFT=OK
343. CONCOR=OK
344. CONFIPET=OK
345. CONSOFINVT=OK
346. CONTROLPR=OK
347. CORALFINAC=OK
348. CORDSCABLE=OK
349. COROMANDEL=OK
350. COSMOFILMS=OK
351. COUNCODOS=OK
352. CPSEETF=OK
353. CRAFTSMAN=OK
354. CREATIVE=OK
355. CREATIVEYE=OK
356. CREDITACC=OK
357. CREST=OK
358. CRISIL=OK
359. CROMPTON=OK
360. CSBBANK=OK
361. CTE=OK
362. CUB=OK
363. CUBEXTUB=OK
364. CUMMINSIND=OK
365. CUPID=OK
366. CYBERMEDIA=OK
367. CYBERTECH=OK
368. CYIENT=OK
369. DAAWAT=OK
370. DABUR=OK
371. DALBHARAT=OK
372. DALMIASUG=OK
373. DAMODARIND=OK
374. DANGEE=OK
375. DATAMATICS=OK
376. DBCORP=OK
377. DBL=OK
378. DBREALTY=OK
379. DBSTOCKBRO=OK
380. DCAL=OK
381. DCBBANK=OK
382. DCM=OK
383. DCMFINSERV=OK
384. DCMNVL=OK
385. DCMSHRIRAM=OK
386. DCW=OK
387. DECCANCE=OK
388. DEEPAKFERT=OK
389. DEEPAKNTR=OK
390. DEEPENR=OK
391. DEEPINDS=OK
392. DELTACORP=OK
393. DELTAMAGNT=OK
394. DEN=OK
395. DENORA=OK
396. DFMFOODS=OK
397. DGCONTENT=OK
398. DHAMPURSUG=OK
399. DHANBANK=OK
400. DHANI=OK
401. DHANUKA=OK
402. DHARSUGAR=OK
403. DHUNINV=OK
404. DIAMONDYD=OK
405. DICIND=OK
406. DIGISPICE=OK
407. DISHTV=OK
408. DIVISLAB=OK
409. DIXON=OK
410. DLF=OK
411. DLINKINDIA=OK
412. DMART=OK
413. DNAMEDIA=OK
414. DODLA=OK
415. DOLAT=OK
416. DOLLAR=OK
417. DONEAR=OK
418. DPABHUSHAN=OK
419. DPSCLTD=OK
420. DPWIRES=OK
421. DRCSYSTEMS=OK
422. DREDGECORP=OK
423. DRREDDY=OK
424. DSSL=OK
425. DTIL=OK
426. DUCON=OK
427. DVL=OK
428. DWARKESH=OK
429. DYNAMATECH=OK
430. DYNPRO=OK
431. EASEMYTRIP=OK
432. EASTSILK=OK
433. EBANK=OK
434. EBBETF0423=OK
435. EBBETF0425=OK
436. EBBETF0430=OK
437. EBBETF0431=OK
438. EBIXFOREX=OK
439. ECLERX=OK
440. EDELWEISS=OK
441. EICHERMOT=OK
442. EIDPARRY=OK
443. EIHAHOTELS=OK
444. EIHOTEL=OK
445. EIMCOELECO=OK
446. EKC=OK
447. ELECON=OK
448. ELECTCAST=OK
449. ELECTHERM=OK
450. ELGIEQUIP=OK
451. ELGIRUBCO=OK
452. EMAMILTD=OK
453. EMAMIPAP=OK
454. EMAMIREAL=OK
455. EMKAY=OK
456. EMMBI=OK
457. ENDURANCE=OK
458. ENERGYDEV=OK
459. ENGINERSIN=OK
460. ENIL=OK
461. EPL=OK
462. EQ30=OK
463. EQUITAS=OK
464. EQUITASBNK=OK
465. ERIS=OK
466. EROSMEDIA=OK
467. ESABINDIA=OK
468. ESCORTS=OK
469. ESSARSHPNG=OK
470. ESTER=OK
471. EUROTEXIND=OK
472. EVEREADY=OK
473. EVERESTIND=OK
474. EXCEL=OK
475. EXCELINDUS=OK
476. EXIDEIND=OK
477. EXPLEOSOL=OK
478. FACT=OK
479. FAIRCHEMOR=OK
480. FCL=OK
481. FCONSUMER=OK
482. FCSSOFT=OK
483. FDC=OK
484. FEDERALBNK=OK
485. FEL=OK
486. FELDVR=OK
487. FIEMIND=OK
488. FILATEX=OK
489. FINCABLES=OK
490. FINEORG=OK
491. FINPIPE=OK
492. FLEXITUFF=OK
493. FLFL=OK
494. FLUOROCHEM=OK
495. FMGOETZE=OK
496. FMNL=OK
497. FORCEMOT=OK
498. FORTIS=OK
499. FOSECOIND=OK
500. FRETAIL=OK
501. FSC=OK
502. FSL=OK
503. GABRIEL=OK
504. GAEL=OK
505. GAIL=OK
506. GAL=OK
507. GALAXYSURF=OK
508. GALLANTT=OK
509. GALLISPAT=OK
510. GAMMNINFRA=OK
511. GANDHITUBE=OK
512. GANECOS=OK
513. GANESHHOUC=OK
514. GANGAFORGE=OK
515. GANGESSECU=OK
516. GARFIBRES=OK
517. GATI=OK
518. GAYAPROJ=OK
519. GDL=OK
520. GEECEE=OK
521. GEEKAYWIRE=OK
522. GENCON=OK
523. GENESYS=OK
524. GENUSPAPER=OK
525. GENUSPOWER=OK
526. GEOJITFSL=OK
527. GEPIL=OK
528. GESHIP=OK
529. GET&D=OK
530. GFLLIMITED=OK
531. GFSTEELS=OK
532. GHCL=OK
533. GICHSGFIN=OK
534. GICRE=OK
535. GILLANDERS=OK
536. GILLETTE=OK
537. GINNIFILA=OK
538. GIPCL=OK
539. GISOLUTION=OK
540. GKWLIMITED=OK
541. GLAND=OK
542. GLAXO=OK
543. GLENMARK=OK
544. GLFL=OK
545. GLOBAL=OK
546. GLOBALVECT=OK
547. GLOBE=OK
548. GLOBUSSPR=OK
549. GMBREW=OK
550. GMDCLTD=OK
551. GMMPFAUDLR=OK
552. GMRINFRA=OK
553. GNA=OK
554. GNFC=OK
555. GOACARBON=OK
556. GOCLCORP=OK
557. GODFRYPHLP=OK
558. GODHA=OK
559. GODREJAGRO=OK
560. GODREJCP=OK
561. GODREJIND=OK
562. GODREJPROP=OK
563. GOKEX=OK
564. GOKUL=OK
565. GOKULAGRO=OK
566. GOLDBEES=OK
567. GOLDENTOBC=OK
568. GOLDIAM=OK
569. GOLDSHARE=OK
570. GOLDTECH=OK
571. GOODLUCK=OK
572. GOODYEAR=OK
573. GPIL=OK
574. GPPL=OK
575. GPTINFRA=OK
576. GRANULES=OK
577. GRAPHITE=OK
578. GRASIM=OK
579. GRAVITA=OK
580. GREAVESCOT=OK
581. GREENLAM=OK
582. GREENPANEL=OK
583. GREENPLY=OK
584. GREENPOWER=OK
585. GRINDWELL=OK
586. GRINFRA=OK
587. GROBTEA=OK
588. GRPLTD=OK
589. GRSE=OK
590. GSCLCEMENT=OK
591. GSFC=OK
592. GSPL=OK
593. GSS=OK
594. GTL=OK
595. GTLINFRA=OK
596. GTNTEX=OK
597. GTPL=OK
598. GUFICBIO=OK
599. GUJALKALI=OK
600. GUJAPOLLO=OK
601. GUJGASLTD=OK
602. GUJRAFFIA=OK
603. GULFOILLUB=OK
604. GULFPETRO=OK
605. GULPOLY=OK
606. GVKPIL=OK
607. HAL=OK
608. HANGSENG BEES-NAV=OK
609. HAPPSTMNDS=OK
610. HARITASEAT=OK
611. HARRMALAYA=OK
612. HATHWAY=OK
613. HATSUN=OK
614. HAVELLS=OK
615. HAVISHA=OK
616. HBANKETF=OK
617. HBLPOWER=OK
618. HBSL=OK
619. HCC=OK
620. HCG=OK
621. HCL-INSYS=OK
622. HCL_INSYS=OK
623. HCLTECH=OK
624. HDFC=OK
625. HDFCAMC=OK
626. HDFCBANK=OK
627. HDFCLIFE=OK
628. HDFCMFGETF=OK
629. HDFCNIFETF=OK
630. HDFCSENETF=OK
631. HDIL=OK
632. HEG=OK
633. HEIDELBERG=OK
634. HEMIPROP=OK
635. HERANBA=OK
636. HERCULES=OK
637. HERITGFOOD=OK
638. HEROMOTOCO=OK
639. HESTERBIO=OK
640. HEXATRADEX=OK
641. HEXAWARE=OK
642. HFCL=OK
643. HGINFRA=OK
644. HGS=OK
645. HIKAL=OK
646. HIL=OK
647. HILTON=OK
648. HIMATSEIDE=OK
649. HINDALCO=OK
650. HINDCOMPOS=OK
651. HINDCON=OK
652. HINDCOPPER=OK
653. HINDMOTORS=OK
654. HINDNATGLS=OK
655. HINDOILEXP=OK
656. HINDPETRO=OK
657. HINDUNILVR=OK
658. HINDZINC=OK
659. HIRECT=OK
660. HISARMETAL=OK
661. HITECH=OK
662. HITECHCORP=OK
663. HITECHGEAR=OK
664. HLEGLAS=OK
665. HLVLTD=OK
666. HMT=OK
667. HMVL=OK
668. HNDFDS=OK
669. HNGSNGBEES=OK
670. HOMEFIRST=OK
671. HONAUT=OK
672. HONDAPOWER=OK
673. HOTELRUGBY=OK
674. HOVS=OK
675. HPL=OK
676. HSCL=OK
677. HSIL=OK
678. HTMEDIA=OK
679. HUBTOWN=OK
680. HUDCO=OK
681. HUHTAMAKI=OK
682. IBMFNIFTY=OK
683. IBREALEST=OK
684. IBULHSGFIN=OK
685. IBULISL=OK
686. IBVENTURES=OK
687. ICDSLTD=OK
688. ICEMAKE=OK
689. ICICI500=OK
690. ICICIALPLV=OK
691. ICICIB22=OK
692. ICICIBANK=OK
693. ICICIBANKN=OK
694. ICICIBANKP=OK
695. ICICIGI=OK
696. ICICIGOLD=OK
697. ICICILIQ=OK
698. ICICILOVOL=OK
699. ICICIM150=OK
700. ICICIMCAP=OK
701. ICICINF100=OK
702. ICICINIFTY=OK
703. ICICINV20=OK
704. ICICINXT50=OK
705. ICICIPHARM=OK
706. ICICIPRULI=OK
707. ICICISENSX=OK
708. ICICITECH=OK
709. ICIL=OK
710. ICRA=OK
711. IDBI=OK
712. IDBIGOLD=OK
713. IDEA=OK
714. IDFC=OK
715. IDFCFIRSTB=OK
716. IDFNIFTYET=OK
717. IEX=OK
718. IFBAGRO=OK
719. IFBIND=OK
720. IFCI=OK
721. IFGLEXPOR=OK
722. IGARASHI=OK
723. IGL=OK
724. IGPL=OK
725. IIFL=OK
726. IIFLSEC=OK
727. IIFLWAM=OK
728. IITL=OK
729. IL_FSENGG=OK
730. IL_FSTRANS=OK
731. IMAGICAA=OK
732. IMFA=OK
733. IMPAL=OK
734. IMPEXFERRO=OK
735. INCREDIBLE=OK
736. INDBANK=OK
737. INDHOTEL=OK
738. INDIA VIX=OK
739. INDIACEM=OK
740. INDIAGLYCO=OK
741. INDIAMART=OK
742. INDIANB=OK
743. INDIANCARD=OK
744. INDIANHUME=OK
745. INDIAVIX=OK
746. INDIGO=OK
747. INDIGOPNTS=OK
748. INDIGRID=OK
749. INDLMETER=OK
750. INDNIPPON=OK
751. INDOCO=OK
752. INDORAMA=OK
753. INDOSOLAR=OK
754. INDOSTAR=OK
755. INDOTECH=OK
756. INDOTHAI=OK
757. INDOWIND=OK
758. INDRAMEDCO=OK
759. INDSWFTLAB=OK
760. INDSWFTLTD=OK
761. INDTERRAIN=OK
762. INDUSINDBK=OK
763. INDUSTOWER=OK
764. INEOSSTYRO=OK
765. INFIBEAM=OK
766. INFOBEAN=OK
767. INFOMEDIA=OK
768. INFRABEES=OK
769. INFRATEL=OK
770. INFY=OK
771. INGERRAND=OK
772. INOXLEISUR=OK
773. INOXWIND=OK
774. INSECTICID=OK
775. INSPIRISYS=OK
776. INTEGRA=OK
777. INTELLECT=OK
778. INTENTECH=OK
779. INVENTURE=OK
780. IOB=OK
781. IOC=OK
782. IOLCP=OK
783. IPCALAB=OK
784. IPL=OK
785. IRB=OK
786. IRCON=OK
787. IRCTC=OK
788. IRFC=OK
789. IRISDOREME=OK
790. ISEC=OK
791. ISFT=OK
792. ISGEC=OK
793. ISMTLTD=OK
794. ITC=OK
795. ITDC=OK
796. ITDCEM=OK
797. ITI=OK
798. IVC=OK
799. IVP=OK
800. IVZINGOLD=OK
801. IVZINNIFTY=OK
802. IWEL=OK
803. IZMO=OK
804. J&KBANK=OK
805. J_KBANK=OK
806. JAGRAN=OK
807. JAGSNPHARM=OK
808. JAIBALAJI=OK
809. JAICORPLTD=OK
810. JAINSTUDIO=OK
811. JAMNAAUTO=OK
812. JASH=OK
813. JAYAGROGN=OK
814. JAYBARMARU=OK
815. JAYNECOIND=OK
816. JAYSREETEA=OK
817. JBCHEPHARM=OK
818. JBFIND=OK
819. JBMA=OK
820. JCHAC=OK
821. JETAIRWAYS=OK
822. JHS=OK
823. JIKIND=OK
824. JINDALPHOT=OK
825. JINDALPOLY=OK
826. JINDALSAW=OK
827. JINDALSTEL=OK
828. JINDCOT=OK
829. JINDRILL=OK
830. JINDWORLD=OK
831. JISLDVREQS=OK
832. JISLJALEQS=OK
833. JITFINFRA=OK
834. JIYAECO=OK
835. JKCEMENT=OK
836. JKIL=OK
837. JKLAKSHMI=OK
838. JKPAPER=OK
839. JKTYRE=OK
840. JMA=OK
841. JMCPROJECT=OK
842. JMFINANCIL=OK
843. JMTAUTOLTD=OK
844. JOCIL=OK
845. JPASSOCIAT=OK
846. JPINFRATEC=OK
847. JPOLYINVST=OK
848. JPPOWER=OK
849. JSL=OK
850. JSLHISAR=OK
851. JSWENERGY=OK
852. JSWHL=OK
853. JSWISPL=OK
854. JSWSTEEL=OK
855. JTEKTINDIA=OK
856. JUBILANT=OK
857. JUBLFOOD=OK
858. JUBLINDS=OK
859. JUBLINGREA=OK
860. JUBLPHARMA=OK
861. JUMPNET=OK
862. JUNIORBEES=OK
863. JUSTDIAL=OK
864. JYOTHYLAB=OK
865. JYOTISTRUC=OK
866. KABRAEXTRU=OK
867. KAJARIACER=OK
868. KAKATCEM=OK
869. KALPATPOWR=OK
870. KALYANIFRG=OK
871. KALYANKJIL=OK
872. KAMATHOTEL=OK
873. KAMDHENU=OK
874. KANANIIND=OK
875. KANORICHEM=OK
876. KANPRPLA=OK
877. KANSAINER=OK
878. KAPSTON=OK
879. KARDA=OK
880. KARMAENG=OK
881. KARURVYSYA=OK
882. KAUSHALYA=OK
883. KAVVERITEL=OK
884. KAYA=OK
885. KCP=OK
886. KCPSUGIND=OK
887. KDDL=OK
888. KEC=OK
889. KECL=OK
890. KEERTI=OK
891. KEI=OK
892. KELLTONTEC=OK
893. KENNAMET=OK
894. KERNEX=OK
895. KESORAMIND=OK
896. KEYFINSERV=OK
897. KGL=OK
898. KHADIM=OK
899. KHAICHEM=OK
900. KHAITANLTD=OK
901. KHANDSE=OK
902. KICL=OK
903. KILITCH=OK
904. KIMS=OK
905. KINGFA=OK
906. KIOCL=OK
907. KIRIINDUS=OK
908. KIRLFER=OK
909. KIRLOSBROS=OK
910. KIRLOSENG=OK
911. KIRLOSIND=OK
912. KITEX=OK
913. KKCL=OK
914. KMSUGAR=OK
915. KNRCON=OK
916. KOHINOOR=OK
917. KOKUYOCMLN=OK
918. KOLTEPATIL=OK
919. KOPRAN=OK
920. KOTAKBANK=OK
921. KOTAKBKETF=OK
922. KOTAKGOLD=OK
923. KOTAKIT=OK
924. KOTAKNIFTY=OK
925. KOTAKNV20=OK
926. KOTAKPSUBK=OK
927. KOTARISUG=OK
928. KOTHARIPET=OK
929. KOTHARIPRO=OK
930. KPITTECH=OK
931. KPRMILL=OK
932. KRBL=OK
933. KREBSBIO=OK
934. KRIDHANINF=OK
935. KRISHANA=OK
936. KSB=OK
937. KSCL=OK
938. KSERASERA=OK
939. KSK=OK
940. KSL=OK
941. KTKBANK=OK
942. KUANTUM=OK
943. KWALITY=OK
944. L&TFH=OK
945. L_TFH=OK
946. LAKPRE=OK
947. LAKSHVILAS=OK
948. LALPATHLAB=OK
949. LAMBODHARA=OK
950. LAOPALA=OK
951. LASA=OK
952. LAURUSLABS=OK
953. LAXMIMACH=OK
954. LCCINFOTEC=OK
955. LEMONTREE=OK
956. LFIC=OK
957. LGBBROSLTD=OK
958. LGBFORGE=OK
959. LIBAS=OK
960. LIBERTSHOE=OK
961. LICHSGFIN=OK
962. LICNETFGSC=OK
963. LICNETFN50=OK
964. LICNETFSEN=OK
965. LICNFNHGP=OK
966. LIKHITHA=OK
967. LINCOLN=OK
968. LINCPEN=OK
969. LINDEINDIA=OK
970. LIQUIDBEES=OK
971. LIQUIDETF=OK
972. LODHA=OK
973. LOKESHMACH=OK
974. LOTUSEYE=OK
975. LOVABLE=OK
976. LPDC=OK
977. LSIL=OK
978. LT=OK
979. LTI=OK
980. LTTS=OK
981. LUMAXIND=OK
982. LUMAXTECH=OK
983. LUPIN=OK
984. LUXIND=OK
985. LXCHEM=OK
986. LYKALABS=OK
987. LYPSAGEMS=OK
988. M&M=OK
989. M&MFIN=OK
990. M100=OK
991. M50=OK
992. M_M=OK
993. M_MFIN=OK
994. MAANALU=OK
995. MACPOWER=OK
996. MADHAV=OK
997. MADHUCON=OK
998. MADRASFERT=OK
999. MAESGETF=OK
1000. MAFANG=OK
1001. MAGADSUGAR=OK
1002. MAGMA=OK
1003. MAGNUM=OK
1004. MAHABANK=OK
1005. MAHAPEXLTD=OK
1006. MAHASTEEL=OK
1007. MAHEPC=OK
1008. MAHESHWARI=OK
1009. MAHINDCIE=OK
1010. MAHLIFE=OK
1011. MAHLOG=OK
1012. MAHSCOOTER=OK
1013. MAHSEAMLES=OK
1014. MAITHANALL=OK
1015. MAJESCO=OK
1016. MALUPAPER=OK
1017. MAN50ETF=OK
1018. MANAKALUCO=OK
1019. MANAKCOAT=OK
1020. MANAKSIA=OK
1021. MANAKSTEEL=OK
1022. MANALIPETC=OK
1023. MANAPPURAM=OK
1024. MANGALAM=OK
1025. MANGCHEFER=OK
1026. MANGLMCEM=OK
1027. MANGTIMBER=OK
1028. MANINDS=OK
1029. MANINFRA=OK
1030. MANUGRAPH=OK
1031. MANXT50=OK
1032. MARALOVER=OK
1033. MARATHON=OK
1034. MARICO=OK
1035. MARINE=OK
1036. MARKSANS=OK
1037. MARUTI=OK
1038. MASFIN=OK
1039. MASKINVEST=OK
1040. MASTEK=OK
1041. MATRIMONY=OK
1042. MAWANASUG=OK
1043. MAXHEALTH=OK
1044. MAXIND=OK
1045. MAXVIL=OK
1046. MAYURUNIQ=OK
1047. MAZDA=OK
1048. MAZDOCK=OK
1049. MBAPL=OK
1050. MBECL=OK
1051. MBLINFRA=OK
1052. MCDHOLDING=OK
1053. MCDOWELL=OK
1054. MCDOWELL_N=OK
1055. MCL=OK
1056. MCLEODRUSS=OK
1057. MCX=OK
1058. MEGA-RE=OK
1059. MEGASOFT=OK
1060. MEGH=OK
1061. MELSTAR=OK
1062. MENONBE=OK
1063. MEP=OK
1064. MERCATOR=OK
1065. METALFORGE=OK
1066. METKORE=OK
1067. METROPOLIS=OK
1068. MFSL=OK
1069. MGEL=OK
1070. MGL=OK
1071. MHRIL=OK
1072. MIC=OK
1073. MIDHANI=OK
1074. MINDACORP=OK
1075. MINDAIND=OK
1076. MINDTECK=OK
1077. MINDTREE=OK
1078. MIRCELECTR=OK
1079. MIRZAINT=OK
1080. MITTAL=OK
1081. MMFIN=OK
1082. MMFL=OK
1083. MMP=OK
1084. MMTC=OK
1085. MODIRUBBER=OK
1086. MODISNME=OK
1087. MOGSEC=OK
1088. MOHITIND=OK
1089. MOHOTAIND=OK
1090. MOIL=OK
1091. MOKSH=OK
1092. MOLDTECH=OK
1093. MOLDTEKPP.E1=OK
1094. MOLDTKPAC=OK
1095. MOM100=OK
1096. MOM50=OK
1097. MON100=OK
1098. MONTECARLO=OK
1099. MORARJEE=OK
1100. MOREPENLAB=OK
1101. MOTHERSUMI=OK
1102. MOTILALOFS=OK
1103. MOTOGENFIN=OK
1104. MPHASIS=OK
1105. MPSLTD=OK
1106. MRF=OK
1107. MRO-TEK=OK
1108. MRO_TEK=OK
1109. MRPL=OK
1110. MSPL=OK
1111. MSTCLTD=OK
1112. MTARTECH=OK
1113. MTEDUCARE=OK
1114. MTNL=OK
1115. MUKANDENGG=OK
1116. MUKANDLTD=OK
1117. MUKTAARTS=OK
1118. MUNJALAU=OK
1119. MUNJALSHOW=OK
1120. MURUDCERA=OK
1121. MUTHOOTCAP=OK
1122. MUTHOOTFIN=OK
1123. N100=OK
1124. NACLIND=OK
1125. NAGAFERT=OK
1126. NAGREEKCAP=OK
1127. NAGREEKEXP=OK
1128. NAHARCAP=OK
1129. NAHARINDUS=OK
1130. NAHARPOLY=OK
1131. NAHARSPING=OK
1132. NAM-INDIA=OK
1133. NAM_INDIA=OK
1134. NATCOPHARM=OK
1135. NATHBIOGEN=OK
1136. NATIONALUM=OK
1137. NATNLSTEEL=OK
1138. NAUKRI=OK
1139. NAVINFLUOR=OK
1140. NAVKARCORP=OK
1141. NAVNETEDUL=OK
1142. NAZARA=OK
1143. NBCC=OK
1144. NBIFIN=OK
1145. NBVENTURES=OK
1146. NCC=OK
1147. NCLIND=OK
1148. NCPSESDL24=OK
1149. NDGL=OK
1150. NDL=OK
1151. NDRAUTO=OK
1152. NDTV=OK
1153. NECCLTD=OK
1154. NECLIFE=OK
1155. NELCAST=OK
1156. NELCO=OK
1157. NEOGEN=OK
1158. NESCO=OK
1159. NESTLEIND=OK
1160. NETF=OK
1161. NETFCONSUM=OK
1162. NETFDIVOPP=OK
1163. NETFGILT5Y=OK
1164. NETFIT=OK
1165. NETFLTGILT=OK
1166. NETFMID150=OK
1167. NETFNIF100=OK
1168. NETFNV20=OK
1169. NETFPHARMA=OK
1170. NETFSDL26=OK
1171. NETWORK18=OK
1172. NEULANDLAB=OK
1173. NEWGEN=OK
1174. NEXTMEDIA=OK
1175. NFL=OK
1176. NH=OK
1177. NHPC=OK
1178. NIACL=OK
1179. NIBL=OK
1180. NIFTY=OK
1181. NIFTY 100=OK
1182. NIFTY 200=OK
1183. NIFTY 50=OK
1184. NIFTY 500=OK
1185. NIFTY ALPHA 50=OK
1186. NIFTY ALPHALOWVOL=OK
1187. NIFTY AUTO=OK
1188. NIFTY BANK=OK
1189. NIFTY COMMODITIES=OK
1190. NIFTY CONSUMPTION=OK
1191. NIFTY CPSE=OK
1192. NIFTY DIV OPPS 50=OK
1193. NIFTY ENERGY=OK
1194. NIFTY FIN SERVICE=OK
1195. NIFTY FMCG=OK
1196. NIFTY GROWSECT 15=OK
1197. NIFTY GS 10YR=OK
1198. NIFTY GS 10YR CLN=OK
1199. NIFTY GS 11 15YR=OK
1200. NIFTY GS 15YRPLUS=OK
1201. NIFTY GS 4 8YR=OK
1202. NIFTY GS 8 13YR=OK
1203. NIFTY GS COMPSITE=OK
1204. NIFTY INFRA=OK
1205. NIFTY IT=OK
1206. NIFTY MEDIA=OK
1207. NIFTY METAL=OK
1208. NIFTY MID LIQ 15=OK
1209. NIFTY MIDCAP 100=OK
1210. NIFTY MIDCAP 150=OK
1211. NIFTY MIDCAP 50=OK
1212. NIFTY MIDSML 400=OK
1213. NIFTY MNC=OK
1214. NIFTY NEXT 50=OK
1215. NIFTY PHARMA=OK
1216. NIFTY PSE=OK
1217. NIFTY PSU BANK=OK
1218. NIFTY PVT BANK=OK
1219. NIFTY REALTY=OK
1220. NIFTY SERV SECTOR=OK
1221. NIFTY SMLCAP 100=OK
1222. NIFTY SMLCAP 250=OK
1223. NIFTY SMLCAP 50=OK
1224. NIFTY100 EQL WGT=OK
1225. NIFTY100 LIQ 15=OK
1226. NIFTY100 LOWVOL30=OK
1227. NIFTY100 QUALTY30=OK
1228. NIFTY200 QUALTY30=OK
1229. NIFTY50 DIV POINT=OK
1230. NIFTY50 EQL WGT=OK
1231. NIFTY50 PR 1X INV=OK
1232. NIFTY50 PR 2X LEV=OK
1233. NIFTY50 TR 1X INV=OK
1234. NIFTY50 TR 2X LEV=OK
1235. NIFTY50 VALUE 20=OK
1236. NIFTYAUTO=OK
1237. NiftyBank=OK
1238. NIFTYBEES=OK
1239. NIFTYEES=OK
1240. NIFTYENERGY=OK
1241. NIFTYFIN=OK
1242. NIFTYFINSERVICE=OK
1243. NIFTYFMCG=OK
1244. NIFTYINFRA=OK
1245. NIFTYIT=OK
1246. NIFTYMEDIA=OK
1247. NIFTYMETAL=OK
1248. NIFTYMIDCAP100=OK
1249. NiftyNext50=OK
1250. NIFTYPHARMA=OK
1251. NIFTYPSUBANK=OK
1252. NIFTYPVTBANK=OK
1253. NIFTYREALTY=OK
1254. NIFTYSERVSECTOR=OK
1255. NIFTYSMLCAP100=OK
1256. NIITLTD=OK
1257. NIITTECH=OK
1258. NILAINFRA=OK
1259. NILASPACES=OK
1260. NILKAMAL=OK
1261. NIPPOBATRY=OK
1262. NIRAJ=OK
1263. NITCO=OK
1264. NITINFIRE=OK
1265. NITINSPIN=OK
1266. NITIRAJ=OK
1267. NKIND=OK
1268. NLCINDIA=OK
1269. NMDC=OK
1270. NOCIL=OK
1271. NOIDATOLL=OK
1272. NORBTEAEXP=OK
1273. NOVARTIND=OK
1274. NPBET=OK
1275. NRAIL=OK
1276. NRBBEARING=OK
1277. NSIL=OK
1278. NTL=OK
1279. NTPC=OK
1280. NUCLEUS=OK
1281. NURECA=OK
1282. NXTDIGITAL=OK
1283. OAL=OK
1284. OBEROIRLTY=OK
1285. OCCL=OK
1286. OFSS=OK
1287. OIL=OK
1288. OILCOUNTUB=OK
1289. OISL=OK
1290. OLECTRA=OK
1291. OMAXAUTO=OK
1292. OMAXE=OK
1293. OMINFRAL=OK
1294. OMKARCHEM=OK
1295. OMMETALS=OK
1296. ONELIFECAP=OK
1297. ONEPOINT=OK
1298. ONGC=OK
1299. ONMOBILE=OK
1300. ONWARDTEC=OK
1301. OPTIEMUS=OK
1302. OPTOCIRCUI=OK
1303. ORBTEXP=OK
1304. ORCHPHARMA=OK
1305. ORICONENT=OK
1306. ORIENTABRA=OK
1307. ORIENTALTL=OK
1308. ORIENTBELL=OK
1309. ORIENTCEM=OK
1310. ORIENTELEC=OK
1311. ORIENTHOT=OK
1312. ORIENTLTD=OK
1313. ORIENTPPR=OK
1314. ORISSAMINE=OK
1315. ORTEL=OK
1316. ORTINLAB=OK
1317. ORTINLABSS=OK
1318. OSWALAGRO=OK
1319. PAEL=OK
1320. PAGEIND=OK
1321. PAISALO=OK
1322. PALASHSECU=OK
1323. PALREDTEC=OK
1324. PANACEABIO=OK
1325. PANACHE=OK
1326. PANAMAPET=OK
1327. PAPERPROD=OK
1328. PARACABLES=OK
1329. PARAGMILK=OK
1330. PARSVNATH=OK
1331. PATELENG=OK
1332. PATINT_RE=OK
1333. PATINTLOG=OK
1334. PATSPINLTD=OK
1335. PBAINFRA=OK
1336. PCJEWELLER=OK
1337. PDMJEPAPER=OK
1338. PDPL=OK
1339. PDSMFL=OK
1340. PEARLPOLY=OK
1341. PEL=OK
1342. PENIND=OK
1343. PENINLAND=OK
1344. PERSISTENT=OK
1345. PETRONET=OK
1346. PFC=OK
1347. PFIZER=OK
1348. PFOCUS=OK
1349. PFS=OK
1350. PGEL=OK
1351. PGHH=OK
1352. PGHL=OK
1353. PGIL=OK
1354. PHILIPCARB=OK
1355. PHOENIXLTD=OK
1356. PIDILITIND=OK
1357. PIIND=OK
1358. PILANIINVS=OK
1359. PILITA=OK
1360. PIONDIST=OK
1361. PIONEEREMB=OK
1362. PITTIENG=OK
1363. PKTEA=OK
1364. PLASTIBLEN=OK
1365. PNB=OK
1366. PNBGILTS=OK
1367. PNBHOUSING=OK
1368. PNC=OK
1369. PNCINFRA=OK
1370. PODDARHOUS=OK
1371. PODDARMENT=OK
1372. POKARNA=OK
1373. POLYCAB=OK
1374. POLYMED=OK
1375. POLYPLEX=OK
1376. PONNIERODE=OK
1377. POWERGRID=OK
1378. POWERINDIA=OK
1379. POWERMECH=OK
1380. PPAP=OK
1381. PPL=OK
1382. PRABHAT=OK
1383. PRADIP=OK
1384. PRAENG=OK
1385. PRAJIND=OK
1386. PRAKASH=OK
1387. PRAKASHSTL=OK
1388. PRAXIS=OK
1389. PRECAM=OK
1390. PRECOT=OK
1391. PRECWIRE=OK
1392. PREMEXPLN=OK
1393. PREMIER=OK
1394. PREMIERPOL=OK
1395. PRESSMN=OK
1396. PRESTIGE=OK
1397. PRICOLLTD=OK
1398. PRIMESECU=OK
1399. PRINCEPIPE=OK
1400. PRIVISCL=OK
1401. PROINDIA=OK
1402. PROSEED=OK
1403. PROZONINTU=OK
1404. PRSMJOHNSN=OK
1405. PSB=OK
1406. PSPPROJECT=OK
1407. PSUBNKBEES=OK
1408. PTC=OK
1409. PTL=OK
1410. PUNJABCHEM=OK
1411. PUNJLLOYD=OK
1412. PURVA=OK
1413. PVP=OK
1414. PVR=OK
1415. QGOLDHALF=OK
1416. QNIFTY=OK
1417. QUESS=OK
1418. QUICKHEAL=OK
1419. QUINTEGRA=OK
1420. RADAAN=OK
1421. RADICO=OK
1422. RADIOCITY=OK
1423. RAILTEL=OK
1424. RAIN=OK
1425. RAJESHEXPO=OK
1426. RAJMET=OK
1427. RAJRATAN=OK
1428. RAJRAYON=OK
1429. RAJSREESUG=OK
1430. RAJTV=OK
1431. RALLIS=OK
1432. RAMANEWS=OK
1433. RAMASTEEL=OK
1434. RAMCOCEM=OK
1435. RAMCOIND=OK
1436. RAMCOSYS=OK
1437. RAMKY=OK
1438. RANASUG=OK
1439. RANEENGINE=OK
1440. RANEHOLDIN=OK
1441. RATNAMANI=OK
1442. RAYMOND=OK
1443. RBL=OK
1444. RBLBANK=OK
1445. RCF=OK
1446. RCOM=OK
1447. RECLTD=OK
1448. REDINGTON=OK
1449. REFEX=OK
1450. REGENCERAM=OK
1451. RELAXO=OK
1452. RELCAPITAL=OK
1453. RELIANCE=OK
1454. RELIGARE=OK
1455. RELINFRA=OK
1456. REMSONSIND=OK
1457. RENUKA=OK
1458. REPCOHOME=OK
1459. REPL=OK
1460. REPRO=OK
1461. RESPONIND=OK
1462. REVATHI=OK
1463. RGL=OK
1464. RHFL=OK
1465. RHIM=OK
1466. RICOAUTO=OK
1467. RIIL=OK
1468. RITES=OK
1469. RKDL=OK
1470. RKEC=OK
1471. RKFORGE=OK
1472. RMCL=OK
1473. RML=OK
1474. RNAVAL=OK
1475. ROHITFERRO=OK
1476. ROHLTD=OK
1477. ROLLT=OK
1478. ROLTA=OK
1479. ROML=OK
1480. ROSSARI=OK
1481. ROSSELLIND=OK
1482. ROUTE=OK
1483. RPGLIFE=OK
1484. RPOWER=OK
1485. RPPINFRA=OK
1486. RPSGVENT=OK
1487. RSSOFTWARE=OK
1488. RSWM=OK
1489. RSYSTEMS=OK
1490. RTNINDIA=OK
1491. RTNINFRA=OK
1492. RTNPOWER=OK
1493. RUBYMILLS=OK
1494. RUCHI=OK
1495. RUCHINFRA=OK
1496. RUCHIRA=OK
1497. RUPA=OK
1498. RUSHIL=OK
1499. RVHL=OK
1500. RVNL=OK
1501. S&SPOWER=OK
1502. S_SPOWER=OK
1503. SABEVENTS=OK
1504. SABTN=OK
1505. SADBHAV=OK
1506. SADBHIN=OK
1507. SAFARI=OK
1508. SAGARDEEP=OK
1509. SAGCEM=OK
1510. SAIL=OK
1511. SAKAR=OK
1512. SAKHTISUG=OK
1513. SAKSOFT=OK
1514. SAKUMA=OK
1515. SALASAR=OK
1516. SALONA=OK
1517. SALSTEEL=OK
1518. SALZERELEC=OK
1519. SAMBHAAV=OK
1520. SANCO=OK
1521. SANDESH=OK
1522. SANDHAR=OK
1523. SANGAMIND=OK
1524. SANGHIIND=OK
1525. SANGHVIFOR=OK
1526. SANGHVIMOV=OK
1527. SANGINITA=OK
1528. SANOFI=OK
1529. SANWARIA=OK
1530. SARDAEN=OK
1531. SAREGAMA=OK
1532. SARLAPOLY=OK
1533. SASKEN=OK
1534. SASTASUNDR=OK
1535. SATHAISPAT=OK
1536. SATIA=OK
1537. SATIN=OK
1538. SATINPP.E1=OK
1539. SBCL=OK
1540. SBICARD=OK
1541. SBIETFIT=OK
1542. SBIETFPB=OK
1543. SBIETFQLTY=OK
1544. SBILIFE=OK
1545. SBIN=OK
1546. SCAPDVR=OK
1547. SCHAEFFLER=OK
1548. SCHAND=OK
1549. SCHNEIDER=OK
1550. SCI=OK
1551. SDBL=OK
1552. SEAMECLTD=OK
1553. SECURKLOUD=OK
1554. SELAN=OK
1555. SELMCL=OK
1556. SEPOWER=OK
1557. SEQUENT=OK
1558. SESHAPAPER=OK
1559. SETCO=OK
1560. SETF10GILT=OK
1561. SETFGOLD=OK
1562. SETFNIF50=OK
1563. SETFNIFBK=OK
1564. SETFNN50=OK
1565. SETUINFRA=OK
1566. SEYAIND=OK
1567. SEZAL=OK
1568. SFL=OK
1569. SGL=OK
1570. SHAHALLOYS=OK
1571. SHAKTIPUMP=OK
1572. SHALBY=OK
1573. SHALPAINTS=OK
1574. SHANKARA=OK
1575. SHANTIGEAR=OK
1576. SHARDACROP=OK
1577. SHARDAMOTR=OK
1578. SHAREINDIA=OK
1579. SHARIABEES=OK
1580. SHEMAROO=OK
1581. SHIL=OK
1582. SHILPAMED=OK
1583. SHIRPUR-G=OK
1584. SHIRPUR_G=OK
1585. SHIVAMAUTO=OK
1586. SHIVAMILLS=OK
1587. SHIVATEX=OK
1588. SHK=OK
1589. SHOPERSTOP=OK
1590. SHRADHA=OK
1591. SHREDIGCEM=OK
1592. SHREECEM=OK
1593. SHREEPUSHK=OK
1594. SHREERAMA=OK
1595. SHRENIK=OK
1596. SHREYANIND=OK
1597. SHREYAS=OK
1598. SHRIPISTON=OK
1599. SHRIRAMCIT=OK
1600. SHRIRAMEPC=OK
1601. SHYAMCENT=OK
1602. SHYAMMETL=OK
1603. SHYAMTEL=OK
1604. SICAGEN=OK
1605. SICAL=OK
1606. SIEMENS=OK
1607. SIGIND=OK
1608. SIL=OK
1609. SILGO=OK
1610. SILINV=OK
1611. SILLYMONKS=OK
1612. SIMBHALS=OK
1613. SIMPLEXINF=OK
1614. SINTERCOM=OK
1615. SINTEX=OK
1616. SIRCA=OK
1617. SIS=OK
1618. SITINET=OK
1619. SIYSIL=OK
1620. SJVN=OK
1621. SKFINDIA=OK
1622. SKIL=OK
1623. SKIPPER=OK
1624. SKMEGGPROD=OK
1625. SMARTLINK=OK
1626. SMCGLOBAL=OK
1627. SMLISUZU=OK
1628. SMPL=OK
1629. SMSLIFE=OK
1630. SMSPHARMA=OK
1631. SNOWMAN=OK
1632. SOBHA=OK
1633. SOLARA=OK
1634. SOLARINDS=OK
1635. SOMANYCERA=OK
1636. SOMATEX=OK
1637. SOMICONVEY=OK
1638. SONACOMS=OK
1639. SONATSOFTW=OK
1640. SORILINFRA=OK
1641. SOTL=OK
1642. SOUTHBANK=OK
1643. SOUTHWEST=OK
1644. SPAL=OK
1645. SPANDANA=OK
1646. SPARC=OK
1647. SPCENET=OK
1648. SPECIALITY=OK
1649. SPENCERS=OK
1650. SPENTEX=OK
1651. SPIC=OK
1652. SPICEJET=OK
1653. SPLIL=OK
1654. SPMLINFRA=OK
1655. SPTL=OK
1656. SPYL=OK
1657. SREEL=OK
1658. SREINFRA=OK
1659. SRF=OK
1660. SRHHYPOLTD=OK
1661. SRIPIPES=OK
1662. SRPL=OK
1663. SRTRANSFIN=OK
1664. SSWL=OK
1665. STAMPEDE=OK
1666. STAR=OK
1667. STARCEMENT=OK
1668. STARPAPER=OK
1669. STCINDIA=OK
1670. STEELCITY=OK
1671. STEELXIND=OK
1672. STEL=OK
1673. STERTOOLS=OK
1674. STINDIA=OK
1675. STLTECH=OK
1676. STOVEKRAFT=OK
1677. STRTECH=OK
1678. SUBCAPCITY=OK
1679. SUBEXLTD=OK
1680. SUBROS=OK
1681. SUDARSCHEM=OK
1682. SUMEETINDS=OK
1683. SUMICHEM=OK
1684. SUMIT=OK
1685. SUMMITSEC=OK
1686. SUNCLAYLTD=OK
1687. SUNDARAM=OK
1688. SUNDARMFIN=OK
1689. SUNDARMHLD=OK
1690. SUNDRMBRAK=OK
1691. SUNDRMFAST=OK
1692. SUNFLAG=OK
1693. SUNPHARMA=OK
1694. SUNTECK=OK
1695. SUNTV=OK
1696. SUPERHOUSE=OK
1697. SUPERSPIN=OK
1698. SUPPETRO=OK
1699. SUPRAJIT=OK
1700. SUPREMEENG=OK
1701. SUPREMEIND=OK
1702. SUPREMEINF=OK
1703. SURANASOL=OK
1704. SURANAT&P=OK
1705. SURANAT_P=OK
1706. SURYALAXMI=OK
1707. SURYAROSNI=OK
1708. SURYODAY=OK
1709. SUTLEJTEX=OK
1710. SUULD=OK
1711. SUVEN=OK
1712. SUVENPHAR=OK
1713. SUVIDHAA=OK
1714. SUZLON=OK
1715. SVPGLOB=OK
1716. SWANENERGY=OK
1717. SWARAJENG=OK
1718. SWELECTES=OK
1719. SWSOLAR=OK
1720. SYMPHONY=OK
1721. SYNCOM=OK
1722. SYNGENE=OK
1723. TAINWALCHM=OK
1724. TAJGVK=OK
1725. TAKE=OK
1726. TALBROAUTO=OK
1727. TALWALKARS=OK
1728. TALWGYM=OK
1729. TANLA=OK
1730. TANTIACONS=OK
1731. TARAPUR=OK
1732. TARC=OK
1733. TARMAT=OK
1734. TASTYBITE=OK
1735. TATACHEM=OK
1736. TATACOFFEE=OK
1737. TATACOMM=OK
1738. TATACONSUM=OK
1739. TATAELXSI=OK
1740. TATAINVEST=OK
1741. TATAMETALI=OK
1742. TATAMOTORS=OK
1743. TATAMTRDVR=OK
1744. TATAPOWER=OK
1745. TATASTEEL=OK
1746. TATASTLBSL=OK
1747. TATASTLLP=OK
1748. TBZ=OK
1749. TCI=OK
1750. TCIDEVELOP=OK
1751. TCIEXP=OK
1752. TCIFINANCE=OK
1753. TCNSBRANDS=OK
1754. TCPLPACK=OK
1755. TCS=OK
1756. TDPOWERSYS=OK
1757. TEAMLEASE=OK
1758. TECHIN=OK
1759. TECHM=OK
1760. TECHNOE=OK
1761. TECHNOFAB=OK
1762. TEJASNET=OK
1763. TEMBO=OK
1764. TERASOFT=OK
1765. test=OK
1766. TEXINFRA=OK
1767. TEXMOPIPES=OK
1768. TEXRAIL=OK
1769. TFCILTD=OK
1770. TFL=OK
1771. TGBHOTELS=OK
1772. THANGAMAYL=OK
1773. THEINVEST=OK
1774. THEMISMED=OK
1775. THERMAX=OK
1776. THIRUSUGAR=OK
1777. THOMASCOOK=OK
1778. THOMASCOTT=OK
1779. THYROCARE=OK
1780. TI=OK
1781. TIDEWATER=OK
1782. TIIL=OK
1783. TIINDIA=OK
1784. TIJARIA=OK
1785. TIL=OK
1786. TIMESGTY=OK
1787. TIMETECHNO=OK
1788. TIMKEN=OK
1789. TINPLATE=OK
1790. TIPSINDLTD=OK
1791. TIRUMALCHM=OK
1792. TIRUPATIFL=OK
1793. TITAN=OK
1794. TMRVL=OK
1795. TNPETRO=OK
1796. TNPL=OK
1797. TNTELE=OK
1798. TOKYOPLAST=OK
1799. TORNTPHARM=OK
1800. TORNTPOWER=OK
1801. TOTAL=OK
1802. TOUCHWOOD=OK
1803. TPLPLASTEH=OK
1804. TREEHOUSE=OK
1805. TREJHARA=OK
1806. TRENT=OK
1807. TRF=OK
1808. TRIDENT=OK
1809. TRIGYN=OK
1810. TRIL=OK
1811. TRITURBINE=OK
1812. TRIVENI=OK
1813. TTKHLTCARE=OK
1814. TTKPRESTIG=OK
1815. TTL=OK
1816. TTML=OK
1817. TV18BRDCST=OK
1818. TVSELECT=OK
1819. TVSMOTOR=OK
1820. TVSSRICHAK=OK
1821. TVTODAY=OK
1822. TVVISION=OK
1823. TWL=OK
1824. UBL=OK
1825. UCALFUEL=OK
1826. UCOBANK=OK
1827. UFLEX=OK
1828. UFO=OK
1829. UGARSUGAR=OK
1830. UJAAS=OK
1831. UJJIVAN=OK
1832. UJJIVANSFB=OK
1833. ULTRACEMCO=OK
1834. UMANGDAIRY=OK
1835. UMESLTD=OK
1836. UNICHEMLAB=OK
1837. UNIDT=OK
1838. UNIENTER=OK
1839. UNIONBANK=OK
1840. UNIPLY=OK
1841. UNITECH=OK
1842. UNITEDTEA=OK
1843. UNITY=OK
1844. UNIVASTU=OK
1845. UNIVCABLES=OK
1846. UNIVPHOTO=OK
1847. UPL=OK
1848. URJA=OK
1849. URJAPP.E1=OK
1850. USHAMART=OK
1851. UTIAMC=OK
1852. UTIBANKETF=OK
1853. UTINEXT50=OK
1854. UTINIFTETF=OK
1855. UTISENSETF=OK
1856. UTISXN50=OK
1857. UTTAMSTL=OK
1858. UTTAMSUGAR=OK
1859. V2RETAIL=OK
1860. VADILALIND=OK
1861. VAIBHAVGBL=OK
1862. VAISHALI=OK
1863. VAKRANGEE=OK
1864. VALIANTORG=OK
1865. VARDHACRLC=OK
1866. VARDMNPOLY=OK
1867. VARROC=OK
1868. VASCONEQ=OK
1869. VASWANI=OK
1870. VBL=OK
1871. VEDL=OK
1872. VENKEYS=OK
1873. VENUSREM=OK
1874. VERTOZ=OK
1875. VESUVIUS=OK
1876. VETO=OK
1877. VGUARD=OK
1878. VHL=OK
1879. VICEROY=OK
1880. VIDEOIND=OK
1881. VIDHIING=OK
1882. VIJIFIN=OK
1883. VIKASECO=OK
1884. VIKASLIFE=OK
1885. VIKASMCORP=OK
1886. VIKASPROP=OK
1887. VIKASWSP=OK
1888. VIMTALABS=OK
1889. VINATIORGA=OK
1890. VINDHYATEL=OK
1891. VINEETLAB=OK
1892. VINYLINDIA=OK
1893. VIPCLOTHNG=OK
1894. VIPIND=OK
1895. VIPULLTD=OK
1896. VISAKAIND=OK
1897. VISASTEEL=OK
1898. VISESHINFO=OK
1899. VISHAL=OK
1900. VISHNU=OK
1901. VISHWARAJ=OK
1902. VIVIDHA=OK
1903. VIVIMEDLAB=OK
1904. VLSFINANCE=OK
1905. VMART=OK
1906. VOLTAMP=OK
1907. VOLTAS=OK
1908. VRLLOG=OK
1909. VSSL=OK
1910. VSTIND=OK
1911. VSTTILLERS=OK
1912. VTL=OK
1913. WABAG=OK
1914. WABCOINDIA=OK
1915. WALCHANNAG=OK
1916. WANBURY=OK
1917. WATERBASE=OK
1918. WEALTH=OK
1919. WEBELSOLAR=OK
1920. WEIZMANIND=OK
1921. WELCORP=OK
1922. WELENT=OK
1923. WELINV=OK
1924. WELSPUNIND=OK
1925. WENDT=OK
1926. WESTLIFE=OK
1927. WHEELS=OK
1928. WHIRLPOOL=OK
1929. WILLAMAGOR=OK
1930. WINDMACHIN=OK
1931. WIPL=OK
1932. WIPRO=OK
1933. WOCKPHARMA=OK
1934. WONDERLA=OK
1935. WORTH=OK
1936. WSI=OK
1937. WSTCSTPAPR=OK
1938. XCHANGING=OK
1939. XELPMOC=OK
1940. XPROINDIA=OK
1941. YAARII=OK
1942. YESBANK=OK
1943. ZEEL=OK
1944. ZEELEARN=OK
1945. ZEEMEDIA=OK
1946. ZENITHBIR=OK
1947. ZENITHEXPO=OK
1948. ZENITHSTL=OK
1949. ZENSARTECH=OK
1950. ZENTEC=OK
1951. ZICOM=OK
1952. ZODIACLOTH=OK
1953. ZODJRDMKJ=OK
1954. ZOMATO=OK
1955. ZOTA=OK
1956. ZUARI=OK
1957. ZUARIGLOB=OK
1958. ZYDUSWELL=OK
1959. ~~~EQUITY=OK
